Feb-20 20:30:41.315 [main] DEBUG nextflow.cli.Launcher - $> nextflow run nf_t_s.nf --reads '.fastq/*_{R1,R2}.fastq.gz'
Feb-20 20:30:41.386 [main] INFO  nextflow.cli.CmdRun - N E X T F L O W  ~  version 23.10.1
Feb-20 20:30:41.402 [main] DEBUG nextflow.plugin.PluginsFacade - Setting up plugin manager > mode=prod; embedded=false; plugins-dir=/home/mspillai2105/.nextflow/plugins; core-plugins: nf-amazon@2.1.4,nf-azure@1.3.3,nf-cloudcache@0.3.0,nf-codecommit@0.1.5,nf-console@1.0.6,nf-ga4gh@1.1.0,nf-google@1.8.3,nf-tower@1.6.3,nf-wave@1.0.1
Feb-20 20:30:41.411 [main] INFO  o.pf4j.DefaultPluginStatusProvider - Enabled plugins: []
Feb-20 20:30:41.411 [main] INFO  o.pf4j.DefaultPluginStatusProvider - Disabled plugins: []
Feb-20 20:30:41.413 [main] INFO  org.pf4j.DefaultPluginManager - PF4J version 3.4.1 in 'deployment' mode
Feb-20 20:30:41.422 [main] INFO  org.pf4j.AbstractPluginManager - No plugins
Feb-20 20:30:41.478 [main] DEBUG nextflow.cli.CmdRun - Applied DSL=2 from script declararion
Feb-20 20:30:41.497 [main] INFO  nextflow.cli.CmdRun - Launching `nf_t_s.nf` [cheeky_planck] DSL2 - revision: fc616d305a
Feb-20 20:30:41.498 [main] DEBUG nextflow.plugin.PluginsFacade - Plugins default=[]
Feb-20 20:30:41.498 [main] DEBUG nextflow.plugin.PluginsFacade - Plugins resolved requirement=[]
Feb-20 20:30:41.509 [main] DEBUG n.secret.LocalSecretsProvider - Secrets store: /home/mspillai2105/.nextflow/secrets/store.json
Feb-20 20:30:41.515 [main] DEBUG nextflow.secret.SecretsLoader - Discovered secrets providers: [nextflow.secret.LocalSecretsProvider@5fc930f0] - activable => nextflow.secret.LocalSecretsProvider@5fc930f0
Feb-20 20:30:41.579 [main] DEBUG nextflow.Session - Session UUID: 4ff99ea7-3c47-497c-a4ad-18e5b12b2ecf
Feb-20 20:30:41.580 [main] DEBUG nextflow.Session - Run name: cheeky_planck
Feb-20 20:30:41.581 [main] DEBUG nextflow.Session - Executor pool size: 20
Feb-20 20:30:41.589 [main] DEBUG nextflow.file.FilePorter - File porter settings maxRetries=3; maxTransfers=50; pollTimeout=null
Feb-20 20:30:41.596 [main] DEBUG nextflow.util.ThreadPoolBuilder - Creating thread pool 'FileTransfer' minSize=10; maxSize=60; workQueue=LinkedBlockingQueue[10000]; allowCoreThreadTimeout=false
Feb-20 20:30:41.639 [main] DEBUG nextflow.cli.CmdRun - 
  Version: 23.10.1 build 5891
  Created: 12-01-2024 22:01 UTC (17:01 EDT)
  System: Linux 5.15.133.1-microsoft-standard-WSL2
  Runtime: Groovy 3.0.19 on OpenJDK 64-Bit Server VM 11.0.13+7-b1751.21
  Encoding: UTF-8 (UTF-8)
  Process: 26135@MeenakshisG15 [127.0.1.1]
  CPUs: 20 - Mem: 15.5 GB (14.1 GB) - Swap: 4 GB (3.9 GB)
Feb-20 20:30:41.666 [main] DEBUG nextflow.Session - Work-dir: /home/mspillai2105/work [ext2/ext3]
Feb-20 20:30:41.667 [main] DEBUG nextflow.Session - Script base path does not exist or is not a directory: /home/mspillai2105/bin
Feb-20 20:30:41.678 [main] DEBUG nextflow.executor.ExecutorFactory - Extension executors providers=[]
Feb-20 20:30:41.687 [main] DEBUG nextflow.Session - Observer factory: DefaultObserverFactory
Feb-20 20:30:41.703 [main] DEBUG nextflow.cache.CacheFactory - Using Nextflow cache factory: nextflow.cache.DefaultCacheFactory
Feb-20 20:30:41.714 [main] DEBUG nextflow.util.CustomThreadPool - Creating default thread pool > poolSize: 21; maxThreads: 1000
Feb-20 20:30:41.800 [main] DEBUG nextflow.Session - Session start
Feb-20 20:30:42.382 [main] DEBUG nextflow.script.ScriptRunner - > Launching execution
Feb-20 20:30:42.556 [main] DEBUG nextflow.executor.ExecutorFactory - << taskConfig executor: null
Feb-20 20:30:42.556 [main] DEBUG nextflow.executor.ExecutorFactory - >> processorType: 'local'
Feb-20 20:30:42.560 [main] DEBUG nextflow.executor.Executor - [warm up] executor > local
Feb-20 20:30:42.564 [main] DEBUG n.processor.LocalPollingMonitor - Creating local task monitor for executor 'local' > cpus=20; memory=15.5 GB; capacity=20; pollInterval=100ms; dumpInterval=5m
Feb-20 20:30:42.567 [main] DEBUG n.processor.TaskPollingMonitor - >>> barrier register (monitor: local)
Feb-20 20:30:42.631 [main] DEBUG nextflow.executor.ExecutorFactory - << taskConfig executor: null
Feb-20 20:30:42.631 [main] DEBUG nextflow.executor.ExecutorFactory - >> processorType: 'local'
Feb-20 20:30:42.638 [main] DEBUG nextflow.Session - Workflow process names [dsl2]: TrimReads, AssembleFasta
Feb-20 20:30:42.639 [main] DEBUG nextflow.Session - Igniting dataflow network (3)
Feb-20 20:30:42.642 [PathVisitor-1] DEBUG nextflow.file.PathVisitor - files for syntax: glob; folder: .fastq/; pattern: *_{R1,R2}.fastq.gz; options: [:]
Feb-20 20:30:42.642 [main] DEBUG nextflow.processor.TaskProcessor - Starting process > TrimReads
Feb-20 20:30:42.643 [main] DEBUG nextflow.processor.TaskProcessor - Starting process > AssembleFasta
Feb-20 20:30:42.645 [main] DEBUG nextflow.script.ScriptRunner - Parsed script files:
  Script_deb4b4da579a2a00: /home/mspillai2105/nf_t_s.nf
Feb-20 20:30:42.646 [main] DEBUG nextflow.script.ScriptRunner - > Awaiting termination 
Feb-20 20:30:42.646 [main] DEBUG nextflow.Session - Session await
Feb-20 20:30:42.650 [PathVisitor-1] DEBUG nextflow.file.PathVisitor - No such file or directory: .fastq/ -- Skipping visit
Feb-20 20:30:42.662 [main] DEBUG nextflow.Session - Session await > all processes finished
Feb-20 20:30:42.672 [Task monitor] DEBUG n.processor.TaskPollingMonitor - <<< barrier arrives (monitor: local) - terminating tasks monitor poll loop
Feb-20 20:30:42.672 [main] DEBUG nextflow.Session - Session await > all barriers passed
Feb-20 20:30:42.679 [main] DEBUG n.trace.WorkflowStatsObserver - Workflow completed > WorkflowStats[succeededCount=0; failedCount=0; ignoredCount=0; cachedCount=0; pendingCount=0; submittedCount=0; runningCount=0; retriesCount=0; abortedCount=0; succeedDuration=0ms; failedDuration=0ms; cachedDuration=0ms;loadCpus=0; loadMemory=0; peakRunning=0; peakCpus=0; peakMemory=0; ]
Feb-20 20:30:42.827 [main] DEBUG nextflow.cache.CacheDB - Closing CacheDB done
Feb-20 20:30:42.841 [main] DEBUG nextflow.util.ThreadPoolManager - Thread pool 'FileTransfer' shutdown completed (hard=false)
Feb-20 20:30:42.842 [main] DEBUG nextflow.script.ScriptRunner - > Execution complete -- Goodbye
